Using pre-set license
Built from '2020.3/staging' branch; Version is '2020.3.16f1 (049d6eca3c44) revision 302446'; Using compiler version '192528614'; Build Type 'Release'
OS: 'Windows 10 Education; OS build 19042.1165; Version 2009; 64bit' Language: 'ko' Physical Memory: 15741 MB
BatchMode: 1, IsHumanControllingUs: 0, StartBugReporterOnCrash: 0, Is64bit: 1, IsPro: 0

 COMMAND LINE ARGUMENTS:
C:\Program Files\Unity\Hub\Editor\2020.3.16f1\Editor\Unity.exe
-adb2
-batchMode
-noUpm
-name
AssetImportWorker0
-projectPath
C:/Users/I/Documents/GitHub/3D-Quater-View-Action-Game/3D Quater View Game
-logFile
Logs/AssetImportWorker0.log
-srvPort
8911
Successfully changed project path to: C:/Users/I/Documents/GitHub/3D-Quater-View-Action-Game/3D Quater View Game
C:/Users/I/Documents/GitHub/3D-Quater-View-Action-Game/3D Quater View Game
Using Asset Import Pipeline V2.
Refreshing native plugins compatible for Editor in 58.56 ms, found 2 plugins.
Preloading 0 native plugins for Editor in 0.00 ms.
Initialize engine version: 2020.3.16f1 (049d6eca3c44)
[Subsystems] Discovering subsystems at path C:/Program Files/Unity/Hub/Editor/2020.3.16f1/Editor/Data/Resources/UnitySubsystems
[Subsystems] Discovering subsystems at path C:/Users/I/Documents/GitHub/3D-Quater-View-Action-Game/3D Quater View Game/Assets
GfxDevice: creating device client; threaded=0
Direct3D:
    Version:  Direct3D 11.0 [level 11.1]
    Renderer: AMD Radeon(TM) Graphics (ID=0x1636)
    Vendor:   
    VRAM:     7870 MB
    Driver:   27.20.21020.3
Initialize mono
Mono path[0] = 'C:/Program Files/Unity/Hub/Editor/2020.3.16f1/Editor/Data/Managed'
Mono path[1] = 'C:/Program Files/Unity/Hub/Editor/2020.3.16f1/Editor/Data/MonoBleedingEdge/lib/mono/unityjit'
Mono config path = 'C:/Program Files/Unity/Hub/Editor/2020.3.16f1/Editor/Data/MonoBleedingEdge/etc'
Using monoOptions --debugger-agent=transport=dt_socket,embedding=1,server=y,suspend=n,address=127.0.0.1:56684
Begin MonoManager ReloadAssembly
Registering precompiled unity dll's ...
Register platform support module: C:/Program Files/Unity/Hub/Editor/2020.3.16f1/Editor/Data/PlaybackEngines/WindowsStandaloneSupport/UnityEditor.WindowsStandalone.Extensions.dll
Registered in 0.009280 seconds.
Native extension for WindowsStandalone target not found
Refreshing native plugins compatible for Editor in 56.94 ms, found 2 plugins.
Preloading 0 native plugins for Editor in 0.00 ms.
Mono: successfully reloaded assembly
- Completed reload, in  9.233 seconds
Domain Reload Profiling:
	ReloadAssembly (9233ms)
		BeginReloadAssembly (123ms)
			ExecutionOrderSort (0ms)
			DisableScriptedObjects (0ms)
			BackupInstance (0ms)
			ReleaseScriptingObjects (0ms)
			CreateAndSetChildDomain (2ms)
		EndReloadAssembly (885ms)
			LoadAssemblies (120ms)
			RebuildTransferFunctionScriptingTraits (0ms)
			SetupTypeCache (336ms)
			ReleaseScriptCaches (0ms)
			RebuildScriptCaches (73ms)
			SetupLoadedEditorAssemblies (313ms)
				LogAssemblyErrors (0ms)
				InitializePlatformSupportModulesInManaged (6ms)
				SetLoadedEditorAssemblies (1ms)
				RefreshPlugins (57ms)
				BeforeProcessingInitializeOnLoad (32ms)
				ProcessInitializeOnLoadAttributes (154ms)
				ProcessInitializeOnLoadMethodAttributes (61ms)
				AfterProcessingInitializeOnLoad (0ms)
				EditorAssembliesLoaded (0ms)
			ExecutionOrderSort2 (0ms)
			AwakeInstancesAfterBackupRestoration (0ms)
Platform modules already initialized, skipping
Registering precompiled user dll's ...
Registered in 0.020863 seconds.
Begin MonoManager ReloadAssembly
Native extension for WindowsStandalone target not found
Refreshing native plugins compatible for Editor in 0.96 ms, found 2 plugins.
Preloading 0 native plugins for Editor in 0.00 ms.
Mono: successfully reloaded assembly
- Completed reload, in  2.493 seconds
Domain Reload Profiling:
	ReloadAssembly (2495ms)
		BeginReloadAssembly (318ms)
			ExecutionOrderSort (0ms)
			DisableScriptedObjects (9ms)
			BackupInstance (0ms)
			ReleaseScriptingObjects (0ms)
			CreateAndSetChildDomain (53ms)
		EndReloadAssembly (2023ms)
			LoadAssemblies (260ms)
			RebuildTransferFunctionScriptingTraits (0ms)
			SetupTypeCache (631ms)
			ReleaseScriptCaches (1ms)
			RebuildScriptCaches (84ms)
			SetupLoadedEditorAssemblies (847ms)
				LogAssemblyErrors (0ms)
				InitializePlatformSupportModulesInManaged (10ms)
				SetLoadedEditorAssemblies (1ms)
				RefreshPlugins (1ms)
				BeforeProcessingInitializeOnLoad (162ms)
				ProcessInitializeOnLoadAttributes (655ms)
				ProcessInitializeOnLoadMethodAttributes (7ms)
				AfterProcessingInitializeOnLoad (11ms)
				EditorAssembliesLoaded (0ms)
			ExecutionOrderSort2 (0ms)
			AwakeInstancesAfterBackupRestoration (8ms)
Platform modules already initialized, skipping
========================================================================
Worker process is ready to serve import requests
Launched and connected shader compiler UnityShaderCompiler.exe after 0.15 seconds
Refreshing native plugins compatible for Editor in 0.80 ms, found 2 plugins.
Preloading 0 native plugins for Editor in 0.00 ms.
Unloading 1433 Unused Serialized files (Serialized files now loaded: 0)
System memory in use before: 66.5 MB.
System memory in use after: 66.6 MB.

Unloading 18 unused Assets to reduce memory usage. Loaded Objects now: 1866.
Total: 9.322100 ms (FindLiveObjects: 0.682000 ms CreateObjectMapping: 0.125800 ms MarkObjects: 8.361200 ms  DeleteObjects: 0.146900 ms)

AssetImportParameters requested are different than current active one (requested -> active):
  custom:framework-win-MediaFoundation: 216162199b28c13a410421893ffa2e32 -> 
  custom:video-decoder-ogg-theora: a1e56fd34408186e4bbccfd4996cb3dc -> 
  custom:container-muxer-webm: aa71ff27fc2769a1b78a27578f13a17b -> 
  custom:container-demuxer-webm: 4f35f7cbe854078d1ac9338744f61a02 -> 
  custom:container-demuxer-ogg: 62fdf1f143b41e24485cea50d1cbac27 -> 
  custom:video-encoder-webm-vp8: eb34c28f22e8b96e1ab97ce403110664 -> 
  custom:video-decoder-webm-vp8: 9c59270c3fd7afecdb556c50c9e8de78 -> 
  custom:audio-decoder-ogg-vorbis: bf7c407c2cedff20999df2af8eb42d56 -> 
  custom:audio-encoder-webm-vorbis: bf7c407c2cedff20999df2af8eb42d56 -> 
========================================================================
Received Import Request.
  path: Assets/New Folder
  artifactKey: Guid(d61d8f1ff77615643aa3e1581b6b9b9c) Importer(815301076,1909f56bfc062723c751e8b465ee728b)
Start importing Assets/New Folder using Guid(d61d8f1ff77615643aa3e1581b6b9b9c) Importer(815301076,1909f56bfc062723c751e8b465ee728b)  -> (artifact id: 'd8c4323b532da770e3cc99f2a1739978') in 0.019945 seconds 
  Import took 0.031107 seconds .

========================================================================
Received Import Request.
  Time since last request: 5.318482 seconds.
  path: Assets/QuarterView 3D Action BE5/Materials/Boss Rock.mat
  artifactKey: Guid(d4c08a0d5d7031e4faacea739fe5831e) Importer(815301076,1909f56bfc062723c751e8b465ee728b)
Start importing Assets/QuarterView 3D Action BE5/Materials/Boss Rock.mat using Guid(d4c08a0d5d7031e4faacea739fe5831e) Importer(815301076,1909f56bfc062723c751e8b465ee728b)  -> (artifact id: 'd560e06ad6a02a30434ca9e3069e3559') in 0.433314 seconds 
  Import took 0.439499 seconds .

========================================================================
Received Import Request.
  Time since last request: 0.002896 seconds.
  path: Assets/QuarterView 3D Action BE5/Materials/Enemy B.mat
  artifactKey: Guid(5084a2898f8f55840931eb7419d779e2) Importer(815301076,1909f56bfc062723c751e8b465ee728b)
Start importing Assets/QuarterView 3D Action BE5/Materials/Enemy B.mat using Guid(5084a2898f8f55840931eb7419d779e2) Importer(815301076,1909f56bfc062723c751e8b465ee728b)  -> (artifact id: '95e639a068d5d88bd38c1ca7c7cc31ed') in 0.064853 seconds 
  Import took 0.071773 seconds .

========================================================================
Received Import Request.
  Time since last request: 0.000430 seconds.
  path: Assets/QuarterView 3D Action BE5/Materials/Weapon Grenade Orbit.mat
  artifactKey: Guid(2a23167c0fe318144b05a634f6bcba86) Importer(815301076,1909f56bfc062723c751e8b465ee728b)
Start importing Assets/QuarterView 3D Action BE5/Materials/Weapon Grenade Orbit.mat using Guid(2a23167c0fe318144b05a634f6bcba86) Importer(815301076,1909f56bfc062723c751e8b465ee728b)  -> (artifact id: '90cdbe7d46f738b3591c4e5948a0b291') in 0.047874 seconds 
  Import took 0.051973 seconds .

========================================================================
Received Import Request.
  Time since last request: 0.000398 seconds.
  path: Assets/QuarterView 3D Action BE5/Materials/Weapon SubMachine Gun.mat
  artifactKey: Guid(e4fdb662f7ceb0540adb32956455c89e) Importer(815301076,1909f56bfc062723c751e8b465ee728b)
Start importing Assets/QuarterView 3D Action BE5/Materials/Weapon SubMachine Gun.mat using Guid(e4fdb662f7ceb0540adb32956455c89e) Importer(815301076,1909f56bfc062723c751e8b465ee728b)  -> (artifact id: 'e7de10887ba92b037c9b1ff4f41d2a56') in 0.052541 seconds 
  Import took 0.057718 seconds .

========================================================================
Received Import Request.
  Time since last request: 0.000491 seconds.
  path: Assets/QuarterView 3D Action BE5/Materials/Coin Gold.mat
  artifactKey: Guid(9badd50f88a36314a9b72ddf412b424d) Importer(815301076,1909f56bfc062723c751e8b465ee728b)
Start importing Assets/QuarterView 3D Action BE5/Materials/Coin Gold.mat using Guid(9badd50f88a36314a9b72ddf412b424d) Importer(815301076,1909f56bfc062723c751e8b465ee728b)  -> (artifact id: '0cb8d2e93c5754bf450db5a28b1e5bc7') in 0.048391 seconds 
  Import took 0.053684 seconds .

========================================================================
Received Import Request.
  Time since last request: 0.000348 seconds.
  path: Assets/QuarterView 3D Action BE5/Materials/Weapon Hammer.mat
  artifactKey: Guid(0a00c064c0cc0844bbc3aea5c0fb0074) Importer(815301076,1909f56bfc062723c751e8b465ee728b)
Start importing Assets/QuarterView 3D Action BE5/Materials/Weapon Hammer.mat using Guid(0a00c064c0cc0844bbc3aea5c0fb0074) Importer(815301076,1909f56bfc062723c751e8b465ee728b)  -> (artifact id: '8d463c6f28b7441d3f61399b4f3be93a') in 0.071805 seconds 
  Import took 0.076447 seconds .

========================================================================
Received Import Request.
  Time since last request: 0.000437 seconds.
  path: Assets/QuarterView 3D Action BE5/Materials/Luna.mat
  artifactKey: Guid(6788d5ee533dd6143be559fa3fffaa59) Importer(815301076,1909f56bfc062723c751e8b465ee728b)
Start importing Assets/QuarterView 3D Action BE5/Materials/Luna.mat using Guid(6788d5ee533dd6143be559fa3fffaa59) Importer(815301076,1909f56bfc062723c751e8b465ee728b)  -> (artifact id: 'b7c58144f5b231573eb1a5198a132b6c') in 0.050888 seconds 
  Import took 0.057218 seconds .

========================================================================
Received Import Request.
  Time since last request: 0.004705 seconds.
  path: Assets/QuarterView 3D Action BE5/Materials/Missile Boss.mat
  artifactKey: Guid(e8f399f59a734944fb4149b649b98a6a) Importer(815301076,1909f56bfc062723c751e8b465ee728b)
Start importing Assets/QuarterView 3D Action BE5/Materials/Missile Boss.mat using Guid(e8f399f59a734944fb4149b649b98a6a) Importer(815301076,1909f56bfc062723c751e8b465ee728b)  -> (artifact id: '3d8cd5a3a5848b42a24113f8f8b61eb7') in 0.050778 seconds 
  Import took 0.056801 seconds .

========================================================================
Received Import Request.
  Time since last request: 0.000472 seconds.
  path: Assets/QuarterView 3D Action BE5/Materials/Enemy A.mat
  artifactKey: Guid(0d17d5c2eb217944499e9ec56d818e63) Importer(815301076,1909f56bfc062723c751e8b465ee728b)
Start importing Assets/QuarterView 3D Action BE5/Materials/Enemy A.mat using Guid(0d17d5c2eb217944499e9ec56d818e63) Importer(815301076,1909f56bfc062723c751e8b465ee728b)  -> (artifact id: '56d13d205eeca9d3d83f29f93cb6c3d7') in 0.053094 seconds 
  Import took 0.057794 seconds .

========================================================================
Received Import Request.
  Time since last request: 0.000339 seconds.
  path: Assets/QuarterView 3D Action BE5/Materials/Missile.mat
  artifactKey: Guid(b7f684c70702ad4498c01dd7a2ce0b3c) Importer(815301076,1909f56bfc062723c751e8b465ee728b)
Start importing Assets/QuarterView 3D Action BE5/Materials/Missile.mat using Guid(b7f684c70702ad4498c01dd7a2ce0b3c) Importer(815301076,1909f56bfc062723c751e8b465ee728b)  -> (artifact id: 'ff63d6ce0a8553e251357e142f5af3a9') in 0.059261 seconds 
  Import took 0.064443 seconds .

========================================================================
Received Import Request.
  Time since last request: 0.000356 seconds.
  path: Assets/QuarterView 3D Action BE5/Materials/Weapon Grenade.mat
  artifactKey: Guid(e3a61e3a9dd7bca4aade965978ad038e) Importer(815301076,1909f56bfc062723c751e8b465ee728b)
Start importing Assets/QuarterView 3D Action BE5/Materials/Weapon Grenade.mat using Guid(e3a61e3a9dd7bca4aade965978ad038e) Importer(815301076,1909f56bfc062723c751e8b465ee728b)  -> (artifact id: '9b6d205fc4521202556d11d1d7cd09a3') in 0.058850 seconds 
  Import took 0.064024 seconds .

========================================================================
Received Import Request.
  Time since last request: 0.000322 seconds.
  path: Assets/QuarterView 3D Action BE5/Materials/Player.mat
  artifactKey: Guid(9aed8e613167e4340b625e15add095e8) Importer(815301076,1909f56bfc062723c751e8b465ee728b)
Start importing Assets/QuarterView 3D Action BE5/Materials/Player.mat using Guid(9aed8e613167e4340b625e15add095e8) Importer(815301076,1909f56bfc062723c751e8b465ee728b)  -> (artifact id: 'b289209e48c00cc94c5e1fe32613f98e') in 0.057766 seconds 
  Import took 0.064148 seconds .

========================================================================
Received Import Request.
  Time since last request: 0.000388 seconds.
  path: Assets/QuarterView 3D Action BE5/Materials/Ludo.mat
  artifactKey: Guid(6dff6733c81828141b8ba231dfb86cc0) Importer(815301076,1909f56bfc062723c751e8b465ee728b)
Start importing Assets/QuarterView 3D Action BE5/Materials/Ludo.mat using Guid(6dff6733c81828141b8ba231dfb86cc0) Importer(815301076,1909f56bfc062723c751e8b465ee728b)  -> (artifact id: '4cad9204dc97846f69fb29bb3279079a') in 0.062534 seconds 
  Import took 0.069763 seconds .

========================================================================
Received Import Request.
  Time since last request: 0.000671 seconds.
  path: Assets/QuarterView 3D Action BE5/Materials/Enemy C.mat
  artifactKey: Guid(1dcf18599fec3384ab8214aa036c77d6) Importer(815301076,1909f56bfc062723c751e8b465ee728b)
Start importing Assets/QuarterView 3D Action BE5/Materials/Enemy C.mat using Guid(1dcf18599fec3384ab8214aa036c77d6) Importer(815301076,1909f56bfc062723c751e8b465ee728b)  -> (artifact id: 'e64163d733fd106a8aa15a7186933ae8') in 0.052944 seconds 
  Import took 0.058765 seconds .

========================================================================
Received Import Request.
  Time since last request: 0.000366 seconds.
  path: Assets/QuarterView 3D Action BE5/Materials/Coin Silver.mat
  artifactKey: Guid(985dd20c386137b49b1edeb864f32d7f) Importer(815301076,1909f56bfc062723c751e8b465ee728b)
Start importing Assets/QuarterView 3D Action BE5/Materials/Coin Silver.mat using Guid(985dd20c386137b49b1edeb864f32d7f) Importer(815301076,1909f56bfc062723c751e8b465ee728b)  -> (artifact id: 'b42bbe93df117ffc6efda1577ce18b71') in 0.086132 seconds 
  Import took 0.091459 seconds .

========================================================================
Received Import Request.
  Time since last request: 0.000365 seconds.
  path: Assets/QuarterView 3D Action BE5/Materials/Weapon Hand Gun.mat
  artifactKey: Guid(ecabd400f66febc408288170bcd623b0) Importer(815301076,1909f56bfc062723c751e8b465ee728b)
Start importing Assets/QuarterView 3D Action BE5/Materials/Weapon Hand Gun.mat using Guid(ecabd400f66febc408288170bcd623b0) Importer(815301076,1909f56bfc062723c751e8b465ee728b)  -> (artifact id: '48903fa6c16ca32983e1fde04647b9e3') in 0.049582 seconds 
  Import took 0.054358 seconds .

========================================================================
Received Import Request.
  Time since last request: 0.000562 seconds.
  path: Assets/QuarterView 3D Action BE5/Materials/Coin Bronze.mat
  artifactKey: Guid(861050de6f02cec41815636190c34624) Importer(815301076,1909f56bfc062723c751e8b465ee728b)
Start importing Assets/QuarterView 3D Action BE5/Materials/Coin Bronze.mat using Guid(861050de6f02cec41815636190c34624) Importer(815301076,1909f56bfc062723c751e8b465ee728b)  -> (artifact id: '28ddcc0fe7490013dae69827615a6dff') in 0.057293 seconds 
  Import took 0.063249 seconds .

========================================================================
Received Import Request.
  Time since last request: 0.000589 seconds.
  path: Assets/QuarterView 3D Action BE5/Materials/Item Heart 1.mat
  artifactKey: Guid(9cefbf0299db19c4fada13b31759cbff) Importer(815301076,1909f56bfc062723c751e8b465ee728b)
Start importing Assets/QuarterView 3D Action BE5/Materials/Item Heart 1.mat using Guid(9cefbf0299db19c4fada13b31759cbff) Importer(815301076,1909f56bfc062723c751e8b465ee728b)  -> (artifact id: '99c97a40f5f0bcd3a221ed875dc1fe61') in 0.056687 seconds 
  Import took 0.061584 seconds .

========================================================================
Received Import Request.
  Time since last request: 0.000328 seconds.
  path: Assets/QuarterView 3D Action BE5/Materials/Item Ammo.mat
  artifactKey: Guid(584a9a6b9a1a96d4392bcb73a01b3b39) Importer(815301076,1909f56bfc062723c751e8b465ee728b)
Start importing Assets/QuarterView 3D Action BE5/Materials/Item Ammo.mat using Guid(584a9a6b9a1a96d4392bcb73a01b3b39) Importer(815301076,1909f56bfc062723c751e8b465ee728b)  -> (artifact id: 'f55952d5593358d587b86902660bc02e') in 0.050597 seconds 
  Import took 0.055001 seconds .

========================================================================
Received Import Request.
  Time since last request: 0.000546 seconds.
  path: Assets/QuarterView 3D Action BE5/Materials/BulletCase.mat
  artifactKey: Guid(7b09f65079094eb44b167491c6c28a3f) Importer(815301076,1909f56bfc062723c751e8b465ee728b)
Start importing Assets/QuarterView 3D Action BE5/Materials/BulletCase.mat using Guid(7b09f65079094eb44b167491c6c28a3f) Importer(815301076,1909f56bfc062723c751e8b465ee728b)  -> (artifact id: '9e0f4513c632e18656eb6fb349438fe4') in 0.059594 seconds 
  Import took 0.065570 seconds .

========================================================================
Received Import Request.
  Time since last request: 0.000287 seconds.
  path: Assets/QuarterView 3D Action BE5/Materials/Enemy D.mat
  artifactKey: Guid(4d8215369ad2c9a47a74206a883a73c2) Importer(815301076,1909f56bfc062723c751e8b465ee728b)
Start importing Assets/QuarterView 3D Action BE5/Materials/Enemy D.mat using Guid(4d8215369ad2c9a47a74206a883a73c2) Importer(815301076,1909f56bfc062723c751e8b465ee728b)  -> (artifact id: 'd5efe03346363faa0122c6288af3daea') in 0.042777 seconds 
  Import took 0.047497 seconds .

========================================================================
Received Import Request.
  Time since last request: 52.863565 seconds.
  path: Assets
  artifactKey: Guid(00000000000000001000000000000000) Importer(815301076,1909f56bfc062723c751e8b465ee728b)
Start importing Assets using Guid(00000000000000001000000000000000) Importer(815301076,1909f56bfc062723c751e8b465ee728b)  -> (artifact id: '42d402b061de3733987d63b9cc3b64de') in 0.012983 seconds 
  Import took 0.030478 seconds .

========================================================================
Received Import Request.
  Time since last request: 5.318837 seconds.
  path: Assets/Materials
  artifactKey: Guid(ca9b8427b63946542ab9adf5f81ca7ed) Importer(815301076,1909f56bfc062723c751e8b465ee728b)
Start importing Assets/Materials using Guid(ca9b8427b63946542ab9adf5f81ca7ed) Importer(815301076,1909f56bfc062723c751e8b465ee728b)  -> (artifact id: '17a52b38578707b05e97954b022d92fd') in 0.017032 seconds 
  Import took 0.024659 seconds .

========================================================================
Received Import Request.
  Time since last request: 36.490119 seconds.
  path: Assets/Materials/Floor.mat
  artifactKey: Guid(0531bb98c21d3f24ca7cae3353ca1c6b) Importer(815301076,1909f56bfc062723c751e8b465ee728b)
Start importing Assets/Materials/Floor.mat using Guid(0531bb98c21d3f24ca7cae3353ca1c6b) Importer(815301076,1909f56bfc062723c751e8b465ee728b)  -> (artifact id: 'cf8f50d2bfd3563f9092cd2565cfb7e1') in 0.024495 seconds 
  Import took 0.029733 seconds .

========================================================================
Received Import Request.
  Time since last request: 34.273319 seconds.
  path: Assets/QuarterView 3D Action BE5/Textures/_Pattern.png
  artifactKey: Guid(dd3fb6baae3a2b14f9a23ec6ed2db723) Importer(815301076,1909f56bfc062723c751e8b465ee728b)
Start importing Assets/QuarterView 3D Action BE5/Textures/_Pattern.png using Guid(dd3fb6baae3a2b14f9a23ec6ed2db723) Importer(815301076,1909f56bfc062723c751e8b465ee728b)  -> (artifact id: '90f8521b9b686fd72b2e146bf2b3a844') in 0.125361 seconds 
  Import took 0.132337 seconds .

========================================================================
Received Import Request.
  Time since last request: 0.001421 seconds.
  path: Assets/QuarterView 3D Action BE5/Textures/Coin Gold.png
  artifactKey: Guid(843ec11e575c45148be9468dd4e00a8c) Importer(815301076,1909f56bfc062723c751e8b465ee728b)
Start importing Assets/QuarterView 3D Action BE5/Textures/Coin Gold.png using Guid(843ec11e575c45148be9468dd4e00a8c) Importer(815301076,1909f56bfc062723c751e8b465ee728b)  -> (artifact id: '1159a51baa6486b731884e74b3acc27c') in 0.018892 seconds 
  Import took 0.023538 seconds .

========================================================================
Received Import Request.
  Time since last request: 0.002333 seconds.
  path: Assets/QuarterView 3D Action BE5/Textures/Bullet Case.png
  artifactKey: Guid(0cc401fda21a95849bb017f17d80bda4) Importer(815301076,1909f56bfc062723c751e8b465ee728b)
Start importing Assets/QuarterView 3D Action BE5/Textures/Bullet Case.png using Guid(0cc401fda21a95849bb017f17d80bda4) Importer(815301076,1909f56bfc062723c751e8b465ee728b)  -> (artifact id: 'd3b5953f62f171f014fe391322ea828e') in 0.038151 seconds 
  Import took 0.044576 seconds .

========================================================================
Received Import Request.
  Time since last request: 0.000260 seconds.
  path: Assets/QuarterView 3D Action BE5/Textures/Coin Bronze.png
  artifactKey: Guid(3b1769091f98c304bb39610f0f6642c0) Importer(815301076,1909f56bfc062723c751e8b465ee728b)
Start importing Assets/QuarterView 3D Action BE5/Textures/Coin Bronze.png using Guid(3b1769091f98c304bb39610f0f6642c0) Importer(815301076,1909f56bfc062723c751e8b465ee728b)  -> (artifact id: '85c3fdbc57aace21efece6e302a67f45') in 0.023679 seconds 
  Import took 0.027939 seconds .

========================================================================
Received Import Request.
  Time since last request: 0.000587 seconds.
  path: Assets/QuarterView 3D Action BE5/Textures/Boss Rock.png
  artifactKey: Guid(86384051d3792ce47a8dffdbd4f6361e) Importer(815301076,1909f56bfc062723c751e8b465ee728b)
Start importing Assets/QuarterView 3D Action BE5/Textures/Boss Rock.png using Guid(86384051d3792ce47a8dffdbd4f6361e) Importer(815301076,1909f56bfc062723c751e8b465ee728b)  -> (artifact id: 'f2e30cc35a239644f2d678c073f7ab98') in 0.025411 seconds 
  Import took 0.030568 seconds .

========================================================================
Received Import Request.
  Time since last request: 0.000347 seconds.
  path: Assets/QuarterView 3D Action BE5/Textures/_Pattern.png
  artifactKey: Guid(dd3fb6baae3a2b14f9a23ec6ed2db723) Importer(815301076,1909f56bfc062723c751e8b465ee728b)
Start importing Assets/QuarterView 3D Action BE5/Textures/_Pattern.png using Guid(dd3fb6baae3a2b14f9a23ec6ed2db723) Importer(815301076,1909f56bfc062723c751e8b465ee728b)  -> (artifact id: '90f8521b9b686fd72b2e146bf2b3a844') in 0.022602 seconds 
  Import took 0.027832 seconds .

========================================================================
Received Import Request.
  Time since last request: 0.000393 seconds.
  path: Assets/QuarterView 3D Action BE5/Textures/_Tile.png
  artifactKey: Guid(6ac9503792aec6948bc963e33d6b5525) Importer(815301076,1909f56bfc062723c751e8b465ee728b)
Start importing Assets/QuarterView 3D Action BE5/Textures/_Tile.png using Guid(6ac9503792aec6948bc963e33d6b5525) Importer(815301076,1909f56bfc062723c751e8b465ee728b)  -> (artifact id: '39c70b77d4620bd2935300b565b81196') in 0.037124 seconds 
  Import took 0.041419 seconds .

========================================================================
Received Import Request.
  Time since last request: 0.000447 seconds.
  path: Assets/QuarterView 3D Action BE5/Textures/Coin Silver.png
  artifactKey: Guid(4d326d723433e364a84a0db839113fe3) Importer(815301076,1909f56bfc062723c751e8b465ee728b)
Start importing Assets/QuarterView 3D Action BE5/Textures/Coin Silver.png using Guid(4d326d723433e364a84a0db839113fe3) Importer(815301076,1909f56bfc062723c751e8b465ee728b)  -> (artifact id: 'a27ad9d4e542b13d5f50ea4c8319f008') in 0.023566 seconds 
  Import took 0.030073 seconds .

========================================================================
Received Import Request.
  Time since last request: 34.001473 seconds.
  path: Assets/QuarterView 3D Action BE5/Textures/Enemy A.png
  artifactKey: Guid(9a6a65bceac8a8c4195a90a84a4e6459) Importer(815301076,1909f56bfc062723c751e8b465ee728b)
Start importing Assets/QuarterView 3D Action BE5/Textures/Enemy A.png using Guid(9a6a65bceac8a8c4195a90a84a4e6459) Importer(815301076,1909f56bfc062723c751e8b465ee728b)  -> (artifact id: 'b4eb6b5b59fa223e21ebc5a60d7bdd1a') in 0.032169 seconds 
  Import took 0.037326 seconds .

========================================================================
Received Import Request.
  Time since last request: 0.000546 seconds.
  path: Assets/QuarterView 3D Action BE5/Textures/Enemy B.png
  artifactKey: Guid(5fc6913241246d54b98db1b106e19ee1) Importer(815301076,1909f56bfc062723c751e8b465ee728b)
Start importing Assets/QuarterView 3D Action BE5/Textures/Enemy B.png using Guid(5fc6913241246d54b98db1b106e19ee1) Importer(815301076,1909f56bfc062723c751e8b465ee728b)  -> (artifact id: '5685a925b063fdc5fc30e9c955450991') in 0.025253 seconds 
  Import took 0.029415 seconds .

========================================================================
Received Import Request.
  Time since last request: 0.000429 seconds.
  path: Assets/QuarterView 3D Action BE5/Textures/Enemy D.png
  artifactKey: Guid(796c54f343685b142a9adde64cf8696e) Importer(815301076,1909f56bfc062723c751e8b465ee728b)
Start importing Assets/QuarterView 3D Action BE5/Textures/Enemy D.png using Guid(796c54f343685b142a9adde64cf8696e) Importer(815301076,1909f56bfc062723c751e8b465ee728b)  -> (artifact id: '71c8960d525bee81193712a2668856cf') in 0.024079 seconds 
  Import took 0.028154 seconds .

========================================================================
Received Import Request.
  Time since last request: 0.000912 seconds.
  path: Assets/QuarterView 3D Action BE5/Textures/Enemy A.png
  artifactKey: Guid(9a6a65bceac8a8c4195a90a84a4e6459) Importer(815301076,1909f56bfc062723c751e8b465ee728b)
Start importing Assets/QuarterView 3D Action BE5/Textures/Enemy A.png using Guid(9a6a65bceac8a8c4195a90a84a4e6459) Importer(815301076,1909f56bfc062723c751e8b465ee728b)  -> (artifact id: 'b4eb6b5b59fa223e21ebc5a60d7bdd1a') in 0.010689 seconds 
  Import took 0.016199 seconds .

========================================================================
Received Import Request.
  Time since last request: 0.000256 seconds.
  path: Assets/QuarterView 3D Action BE5/Sprites/Guage Back.png
  artifactKey: Guid(43335735a8cdb1746b5605815e0a96e5) Importer(815301076,1909f56bfc062723c751e8b465ee728b)
Start importing Assets/QuarterView 3D Action BE5/Sprites/Guage Back.png using Guid(43335735a8cdb1746b5605815e0a96e5) Importer(815301076,1909f56bfc062723c751e8b465ee728b)  -> (artifact id: '9db01b3ccf6f703212c621d4e7c53441') in 0.062055 seconds 
  Import took 0.066981 seconds .

========================================================================
Received Import Request.
  Time since last request: 0.000614 seconds.
  path: Assets/QuarterView 3D Action BE5/Textures/Enemy B.png
  artifactKey: Guid(5fc6913241246d54b98db1b106e19ee1) Importer(815301076,1909f56bfc062723c751e8b465ee728b)
Start importing Assets/QuarterView 3D Action BE5/Textures/Enemy B.png using Guid(5fc6913241246d54b98db1b106e19ee1) Importer(815301076,1909f56bfc062723c751e8b465ee728b)  -> (artifact id: '5685a925b063fdc5fc30e9c955450991') in 0.017428 seconds 
  Import took 0.023080 seconds .

========================================================================
Received Import Request.
  Time since last request: 0.000182 seconds.
  path: Assets/QuarterView 3D Action BE5/Sprites/Guage Front.png
  artifactKey: Guid(ab3b7539ba408154db6715ef45708b56) Importer(815301076,1909f56bfc062723c751e8b465ee728b)
Start importing Assets/QuarterView 3D Action BE5/Sprites/Guage Front.png using Guid(ab3b7539ba408154db6715ef45708b56) Importer(815301076,1909f56bfc062723c751e8b465ee728b)  -> (artifact id: 'c3c270bf26ec89b255c8dab656f11846') in 0.035617 seconds 
  Import took 0.041351 seconds .

========================================================================
Received Import Request.
  Time since last request: 0.000292 seconds.
  path: Assets/QuarterView 3D Action BE5/Textures/Enemy C.png
  artifactKey: Guid(efb1c84380e704f44aaf0a19777c0663) Importer(815301076,1909f56bfc062723c751e8b465ee728b)
Start importing Assets/QuarterView 3D Action BE5/Textures/Enemy C.png using Guid(efb1c84380e704f44aaf0a19777c0663) Importer(815301076,1909f56bfc062723c751e8b465ee728b)  -> (artifact id: 'e98feeaad619f1ea68e4d4a74d51b240') in 0.020484 seconds 
  Import took 0.025560 seconds .

========================================================================
Received Import Request.
  Time since last request: 0.004155 seconds.
  path: Assets/QuarterView 3D Action BE5/Sprites/Guage Front.png
  artifactKey: Guid(ab3b7539ba408154db6715ef45708b56) Importer(815301076,1909f56bfc062723c751e8b465ee728b)
Start importing Assets/QuarterView 3D Action BE5/Sprites/Guage Front.png using Guid(ab3b7539ba408154db6715ef45708b56) Importer(815301076,1909f56bfc062723c751e8b465ee728b)  -> (artifact id: 'c3c270bf26ec89b255c8dab656f11846') in 0.024800 seconds 
  Import took 0.029846 seconds .

========================================================================
Received Import Request.
  Time since last request: 0.093399 seconds.
  path: Assets/QuarterView 3D Action BE5/ReadMe/Icon.png
  artifactKey: Guid(14c4b9c6e45f89548a3cfcc514ca788e) Importer(815301076,1909f56bfc062723c751e8b465ee728b)
Start importing Assets/QuarterView 3D Action BE5/ReadMe/Icon.png using Guid(14c4b9c6e45f89548a3cfcc514ca788e) Importer(815301076,1909f56bfc062723c751e8b465ee728b)  -> (artifact id: '6ab7a97c0674a202cdd2acd4460f7461') in 0.028084 seconds 
  Import took 0.034568 seconds .

========================================================================
Received Import Request.
  Time since last request: 0.000828 seconds.
  path: Assets/QuarterView 3D Action BE5/Sprites/Icon Ammo Mini.png
  artifactKey: Guid(142faba4ceb5fdf4aae7177252aecf72) Importer(815301076,1909f56bfc062723c751e8b465ee728b)
Start importing Assets/QuarterView 3D Action BE5/Sprites/Icon Ammo Mini.png using Guid(142faba4ceb5fdf4aae7177252aecf72) Importer(815301076,1909f56bfc062723c751e8b465ee728b)  -> (artifact id: '9eaa50faf4264123b82361ee591041f8') in 0.036083 seconds 
  Import took 0.041673 seconds .

========================================================================
Received Import Request.
  Time since last request: 0.000297 seconds.
  path: Assets/QuarterView 3D Action BE5/Sprites/Icon Attack.png
  artifactKey: Guid(d839aa1982367874bac74affe829c2e4) Importer(815301076,1909f56bfc062723c751e8b465ee728b)
Start importing Assets/QuarterView 3D Action BE5/Sprites/Icon Attack.png using Guid(d839aa1982367874bac74affe829c2e4) Importer(815301076,1909f56bfc062723c751e8b465ee728b)  -> (artifact id: '02c4e952488415b79a22a4d1b871f970') in 0.043337 seconds 
  Import took 0.050089 seconds .

========================================================================
Received Import Request.
  Time since last request: 0.000644 seconds.
  path: Assets/QuarterView 3D Action BE5/Sprites/Icon Ammo.png
  artifactKey: Guid(f88cc66088c6e4042ae13a50dfbb3662) Importer(815301076,1909f56bfc062723c751e8b465ee728b)
Start importing Assets/QuarterView 3D Action BE5/Sprites/Icon Ammo.png using Guid(f88cc66088c6e4042ae13a50dfbb3662) Importer(815301076,1909f56bfc062723c751e8b465ee728b)  -> (artifact id: 'fc668fc7a239027b9ffe79b6578a8103') in 0.039166 seconds 
  Import took 0.046985 seconds .

========================================================================
Received Import Request.
  Time since last request: 0.000472 seconds.
  path: Assets/QuarterView 3D Action BE5/Sprites/Icon Boss.png
  artifactKey: Guid(08df90f463ef0d34dbb1c49eef665daf) Importer(815301076,1909f56bfc062723c751e8b465ee728b)
Start importing Assets/QuarterView 3D Action BE5/Sprites/Icon Boss.png using Guid(08df90f463ef0d34dbb1c49eef665daf) Importer(815301076,1909f56bfc062723c751e8b465ee728b)  -> (artifact id: '6b6c9d314d81b4793296816b507a7e2b') in 0.039576 seconds 
  Import took 0.047574 seconds .

========================================================================
Received Import Request.
  Time since last request: 0.000512 seconds.
  path: Assets/QuarterView 3D Action BE5/Sprites/Icon Close.png
  artifactKey: Guid(1baaa93f3ec48804397f21b2614604d4) Importer(815301076,1909f56bfc062723c751e8b465ee728b)
Start importing Assets/QuarterView 3D Action BE5/Sprites/Icon Close.png using Guid(1baaa93f3ec48804397f21b2614604d4) Importer(815301076,1909f56bfc062723c751e8b465ee728b)  -> (artifact id: 'b1a45cc92a134ee684935ede93aba65f') in 0.042240 seconds 
  Import took 0.047280 seconds .

========================================================================
Received Import Request.
  Time since last request: 1.097833 seconds.
  path: Assets/QuarterView 3D Action BE5/Sprites/Icon Coin Mini.png
  artifactKey: Guid(771dc6d7f27969a4fb87ecdeab54ae71) Importer(815301076,1909f56bfc062723c751e8b465ee728b)
Start importing Assets/QuarterView 3D Action BE5/Sprites/Icon Coin Mini.png using Guid(771dc6d7f27969a4fb87ecdeab54ae71) Importer(815301076,1909f56bfc062723c751e8b465ee728b)  -> (artifact id: 'f845067b108c230be226e7648dc58faa') in 0.049071 seconds 
  Import took 0.054263 seconds .

========================================================================
Received Import Request.
  Time since last request: 0.000319 seconds.
  path: Assets/QuarterView 3D Action BE5/Sprites/Icon Enemy A.png
  artifactKey: Guid(1edd545fe3e8d0f458a679414f885c51) Importer(815301076,1909f56bfc062723c751e8b465ee728b)
Start importing Assets/QuarterView 3D Action BE5/Sprites/Icon Enemy A.png using Guid(1edd545fe3e8d0f458a679414f885c51) Importer(815301076,1909f56bfc062723c751e8b465ee728b)  -> (artifact id: 'dc365362cda73197d181eb3176af4def') in 0.046026 seconds 
  Import took 0.050015 seconds .

========================================================================
Received Import Request.
  Time since last request: 0.004743 seconds.
  path: Assets/QuarterView 3D Action BE5/Sprites/Icon Enemy A.png
  artifactKey: Guid(1edd545fe3e8d0f458a679414f885c51) Importer(815301076,1909f56bfc062723c751e8b465ee728b)
Start importing Assets/QuarterView 3D Action BE5/Sprites/Icon Enemy A.png using Guid(1edd545fe3e8d0f458a679414f885c51) Importer(815301076,1909f56bfc062723c751e8b465ee728b)  -> (artifact id: 'dc365362cda73197d181eb3176af4def') in 0.018933 seconds 
  Import took 0.029556 seconds .

========================================================================
Received Import Request.
  Time since last request: 0.149378 seconds.
  path: Assets/QuarterView 3D Action BE5/Sprites/Icon Enemy B.png
  artifactKey: Guid(364eccac494de714d84a43b20fc715d2) Importer(815301076,1909f56bfc062723c751e8b465ee728b)
Start importing Assets/QuarterView 3D Action BE5/Sprites/Icon Enemy B.png using Guid(364eccac494de714d84a43b20fc715d2) Importer(815301076,1909f56bfc062723c751e8b465ee728b)  -> (artifact id: '87f0accae707e1c118fe566b4358153c') in 0.042028 seconds 
  Import took 0.046691 seconds .

========================================================================
Received Import Request.
  Time since last request: 0.000355 seconds.
  path: Assets/QuarterView 3D Action BE5/Sprites/Icon Enemy C.png
  artifactKey: Guid(db84109231a678440817c74d1158239b) Importer(815301076,1909f56bfc062723c751e8b465ee728b)
Start importing Assets/QuarterView 3D Action BE5/Sprites/Icon Enemy C.png using Guid(db84109231a678440817c74d1158239b) Importer(815301076,1909f56bfc062723c751e8b465ee728b)  -> (artifact id: 'b550330ee6dec7675babf496497596a9') in 0.043361 seconds 
  Import took 0.048321 seconds .

========================================================================
Received Import Request.
  Time since last request: 0.000345 seconds.
  path: Assets/QuarterView 3D Action BE5/Sprites/Icon Heart Mini.png
  artifactKey: Guid(47fbbf7a9c438ed4ea370ca0e59905ff) Importer(815301076,1909f56bfc062723c751e8b465ee728b)
Start importing Assets/QuarterView 3D Action BE5/Sprites/Icon Heart Mini.png using Guid(47fbbf7a9c438ed4ea370ca0e59905ff) Importer(815301076,1909f56bfc062723c751e8b465ee728b)  -> (artifact id: '7b6672dfcbc450fb939c5e98da15d06b') in 0.049388 seconds 
  Import took 0.060734 seconds .

========================================================================
Received Import Request.
  Time since last request: 0.000279 seconds.
  path: Assets/QuarterView 3D Action BE5/Sprites/Icon Ludo.png
  artifactKey: Guid(be7633cc187ae604cb9808ff3c897195) Importer(815301076,1909f56bfc062723c751e8b465ee728b)
Start importing Assets/QuarterView 3D Action BE5/Sprites/Icon Ludo.png using Guid(be7633cc187ae604cb9808ff3c897195) Importer(815301076,1909f56bfc062723c751e8b465ee728b)  -> (artifact id: '09c33862e3df81f5b605f4bfa28a5280') in 0.049627 seconds 
  Import took 0.057727 seconds .

========================================================================
Received Import Request.
  Time since last request: 0.000304 seconds.
  path: Assets/QuarterView 3D Action BE5/Sprites/Icon Num4.png
  artifactKey: Guid(3fa2ed196fd9aaf43a8f4ece48a41f44) Importer(815301076,1909f56bfc062723c751e8b465ee728b)
Start importing Assets/QuarterView 3D Action BE5/Sprites/Icon Num4.png using Guid(3fa2ed196fd9aaf43a8f4ece48a41f44) Importer(815301076,1909f56bfc062723c751e8b465ee728b)  -> (artifact id: 'c1b1c48885537d9081594ba41b70fa5f') in 0.052726 seconds 
  Import took 0.057506 seconds .

========================================================================
Received Import Request.
  Time since last request: 0.000332 seconds.
  path: Assets/QuarterView 3D Action BE5/Sprites/Icon Weapon Hammer.png
  artifactKey: Guid(1c436558df0caa04eb65bf6f8d065918) Importer(815301076,1909f56bfc062723c751e8b465ee728b)
Start importing Assets/QuarterView 3D Action BE5/Sprites/Icon Weapon Hammer.png using Guid(1c436558df0caa04eb65bf6f8d065918) Importer(815301076,1909f56bfc062723c751e8b465ee728b)  -> (artifact id: '78b7bca3ad161ea78d7059705d8ec3a0') in 0.043527 seconds 
  Import took 0.049909 seconds .

========================================================================
Received Import Request.
  Time since last request: 0.000412 seconds.
  path: Assets/QuarterView 3D Action BE5/Sprites/Icon Weapon Grenade.png
  artifactKey: Guid(4e5b816343df5574c8a051077a2156b9) Importer(815301076,1909f56bfc062723c751e8b465ee728b)
Start importing Assets/QuarterView 3D Action BE5/Sprites/Icon Weapon Grenade.png using Guid(4e5b816343df5574c8a051077a2156b9) Importer(815301076,1909f56bfc062723c751e8b465ee728b)  -> (artifact id: 'de16839d1aff888a8c49b66b7ebaeedd') in 0.038729 seconds 
  Import took 0.043610 seconds .

========================================================================
Received Import Request.
  Time since last request: 0.000475 seconds.
  path: Assets/QuarterView 3D Action BE5/Sprites/Icon Num1.png
  artifactKey: Guid(202d667d5a7bcf24a842ff4c86dad758) Importer(815301076,1909f56bfc062723c751e8b465ee728b)
Start importing Assets/QuarterView 3D Action BE5/Sprites/Icon Num1.png using Guid(202d667d5a7bcf24a842ff4c86dad758) Importer(815301076,1909f56bfc062723c751e8b465ee728b)  -> (artifact id: '51d64e39234910c7bcfb75fa847b01d3') in 0.046845 seconds 
  Import took 0.052942 seconds .

========================================================================
Received Import Request.
  Time since last request: 0.000428 seconds.
  path: Assets/QuarterView 3D Action BE5/Textures/Item Heart.png
  artifactKey: Guid(16275289ba2d55a43a644d78223fb657) Importer(815301076,1909f56bfc062723c751e8b465ee728b)
Start importing Assets/QuarterView 3D Action BE5/Textures/Item Heart.png using Guid(16275289ba2d55a43a644d78223fb657) Importer(815301076,1909f56bfc062723c751e8b465ee728b)  -> (artifact id: '72116aa4a8274168e7f12f164e5d3d30') in 0.029494 seconds 
  Import took 0.035341 seconds .

========================================================================
Received Import Request.
  Time since last request: 0.000494 seconds.
  path: Assets/QuarterView 3D Action BE5/Textures/Missile.png
  artifactKey: Guid(f2039ced9adf3b844830933387dadd79) Importer(815301076,1909f56bfc062723c751e8b465ee728b)
Start importing Assets/QuarterView 3D Action BE5/Textures/Missile.png using Guid(f2039ced9adf3b844830933387dadd79) Importer(815301076,1909f56bfc062723c751e8b465ee728b)  -> (artifact id: 'ced31a6e95b5062bef22102254344af8') in 0.021069 seconds 
  Import took 0.027371 seconds .

========================================================================
Received Import Request.
  Time since last request: 0.000265 seconds.
  path: Assets/QuarterView 3D Action BE5/Textures/Luna.png
  artifactKey: Guid(b7b98188b70816845b50ec0b7bcaf1e2) Importer(815301076,1909f56bfc062723c751e8b465ee728b)
Start importing Assets/QuarterView 3D Action BE5/Textures/Luna.png using Guid(b7b98188b70816845b50ec0b7bcaf1e2) Importer(815301076,1909f56bfc062723c751e8b465ee728b)  -> (artifact id: '9e7882994614dddaa709cb93b79d5021') in 0.021421 seconds 
  Import took 0.026923 seconds .

========================================================================
Received Import Request.
  Time since last request: 0.000357 seconds.
  path: Assets/QuarterView 3D Action BE5/Textures/Missile Boss.png
  artifactKey: Guid(680ff5280586f284fbd81ea10764090a) Importer(815301076,1909f56bfc062723c751e8b465ee728b)
Start importing Assets/QuarterView 3D Action BE5/Textures/Missile Boss.png using Guid(680ff5280586f284fbd81ea10764090a) Importer(815301076,1909f56bfc062723c751e8b465ee728b)  -> (artifact id: 'eaa3ff32a1d17c257d70f3c6f6586cea') in 0.017299 seconds 
  Import took 0.022679 seconds .

========================================================================
Received Import Request.
  Time since last request: 0.000453 seconds.
  path: Assets/QuarterView 3D Action BE5/Sprites/Panel A.png
  artifactKey: Guid(e56d2c466aae6dc4b96148e5b2431756) Importer(815301076,1909f56bfc062723c751e8b465ee728b)
Start importing Assets/QuarterView 3D Action BE5/Sprites/Panel A.png using Guid(e56d2c466aae6dc4b96148e5b2431756) Importer(815301076,1909f56bfc062723c751e8b465ee728b)  -> (artifact id: '76d453fc61480a845c7b081a499e2573') in 0.041420 seconds 
  Import took 0.047111 seconds .

========================================================================
Received Import Request.
  Time since last request: 0.000566 seconds.
  path: Assets/QuarterView 3D Action BE5/Demo/Demo/ReflectionProbe-0.exr
  artifactKey: Guid(adfd99a973f4d4f4abff39d5d79b061a) Importer(815301076,1909f56bfc062723c751e8b465ee728b)
Start importing Assets/QuarterView 3D Action BE5/Demo/Demo/ReflectionProbe-0.exr using Guid(adfd99a973f4d4f4abff39d5d79b061a) Importer(815301076,1909f56bfc062723c751e8b465ee728b)  -> (artifact id: 'c1f9cd2153d5f013822eabe748e21f17') in 0.081293 seconds 
  Import took 0.086961 seconds .

========================================================================
Received Import Request.
  Time since last request: 0.000498 seconds.
  path: Assets/QuarterView 3D Action BE5/Textures/Weapon HandGun.png
  artifactKey: Guid(cf39d8981b4e7954190666615eb23444) Importer(815301076,1909f56bfc062723c751e8b465ee728b)
Start importing Assets/QuarterView 3D Action BE5/Textures/Weapon HandGun.png using Guid(cf39d8981b4e7954190666615eb23444) Importer(815301076,1909f56bfc062723c751e8b465ee728b)  -> (artifact id: 'a9b4254a4f8ef645d63ef07e928b2254') in 0.031177 seconds 
  Import took 0.036319 seconds .

========================================================================
Received Import Request.
  Time since last request: 0.000345 seconds.
  path: Assets/QuarterView 3D Action BE5/Sprites/Panel A.png
  artifactKey: Guid(e56d2c466aae6dc4b96148e5b2431756) Importer(815301076,1909f56bfc062723c751e8b465ee728b)
Start importing Assets/QuarterView 3D Action BE5/Sprites/Panel A.png using Guid(e56d2c466aae6dc4b96148e5b2431756) Importer(815301076,1909f56bfc062723c751e8b465ee728b)  -> (artifact id: '76d453fc61480a845c7b081a499e2573') in 0.025555 seconds 
  Import took 0.030271 seconds .

========================================================================
Received Import Request.
  Time since last request: 0.000346 seconds.
  path: Assets/QuarterView 3D Action BE5/Sprites/Icon Num2.png
  artifactKey: Guid(5c882d95cfe4e2f43b8c0a1cdea6e0a5) Importer(815301076,1909f56bfc062723c751e8b465ee728b)
Start importing Assets/QuarterView 3D Action BE5/Sprites/Icon Num2.png using Guid(5c882d95cfe4e2f43b8c0a1cdea6e0a5) Importer(815301076,1909f56bfc062723c751e8b465ee728b)  -> (artifact id: '4b4d0a16c5842165d6dcd95ea5db9803') in 0.039110 seconds 
  Import took 0.044943 seconds .

========================================================================
Received Import Request.
  Time since last request: 0.000366 seconds.
  path: Assets/QuarterView 3D Action BE5/Sprites/Icon NumR.png
  artifactKey: Guid(42333eca44e9f5c4f945a0f2f5d4f9f0) Importer(815301076,1909f56bfc062723c751e8b465ee728b)
Start importing Assets/QuarterView 3D Action BE5/Sprites/Icon NumR.png using Guid(42333eca44e9f5c4f945a0f2f5d4f9f0) Importer(815301076,1909f56bfc062723c751e8b465ee728b)  -> (artifact id: 'fa5a06c08fba2d43e62fa7b51089bf37') in 0.038448 seconds 
  Import took 0.042981 seconds .

========================================================================
Received Import Request.
  Time since last request: 0.000439 seconds.
  path: Assets/QuarterView 3D Action BE5/Sprites/Icon Stage Mini.png
  artifactKey: Guid(98f841c6ac46d174ca4f358018ab8de0) Importer(815301076,1909f56bfc062723c751e8b465ee728b)
Start importing Assets/QuarterView 3D Action BE5/Sprites/Icon Stage Mini.png using Guid(98f841c6ac46d174ca4f358018ab8de0) Importer(815301076,1909f56bfc062723c751e8b465ee728b)  -> (artifact id: '78d30a6385ff5acb16d6e506621826a1') in 0.038003 seconds 
  Import took 0.042350 seconds .

========================================================================
Received Import Request.
  Time since last request: 0.002528 seconds.
  path: Assets/QuarterView 3D Action BE5/Sprites/Icon Weapon HandGun.png
  artifactKey: Guid(3260f72e5b6eec24587b9132cb1ae0a0) Importer(815301076,1909f56bfc062723c751e8b465ee728b)
Start importing Assets/QuarterView 3D Action BE5/Sprites/Icon Weapon HandGun.png using Guid(3260f72e5b6eec24587b9132cb1ae0a0) Importer(815301076,1909f56bfc062723c751e8b465ee728b)  -> (artifact id: '71dd7a9ecd3a675966372931eb90e539') in 0.053997 seconds 
  Import took 0.058675 seconds .

========================================================================
Received Import Request.
  Time since last request: 0.000432 seconds.
  path: Assets/QuarterView 3D Action BE5/Sprites/Panel B.png
  artifactKey: Guid(9dbac7399ba13ae4caa7872cd0ddf9c6) Importer(815301076,1909f56bfc062723c751e8b465ee728b)
Start importing Assets/QuarterView 3D Action BE5/Sprites/Panel B.png using Guid(9dbac7399ba13ae4caa7872cd0ddf9c6) Importer(815301076,1909f56bfc062723c751e8b465ee728b)  -> (artifact id: 'c2db2e320ea8fcf87d3e506102b301e3') in 0.044395 seconds 
  Import took 0.048595 seconds .

========================================================================
Received Import Request.
  Time since last request: 0.000393 seconds.
  path: Assets/QuarterView 3D Action BE5/Textures/Weapon SubMachineGun.png
  artifactKey: Guid(dd497d77238423c44afe2e4ecda4039c) Importer(815301076,1909f56bfc062723c751e8b465ee728b)
Start importing Assets/QuarterView 3D Action BE5/Textures/Weapon SubMachineGun.png using Guid(dd497d77238423c44afe2e4ecda4039c) Importer(815301076,1909f56bfc062723c751e8b465ee728b)  -> (artifact id: 'db0fc0427f9ac454a5c5aa705ed3e8f0') in 0.024928 seconds 
  Import took 0.029524 seconds .

========================================================================
Received Import Request.
  Time since last request: 0.000514 seconds.
  path: Assets/QuarterView 3D Action BE5/Sprites/Icon Score Mini.png
  artifactKey: Guid(f7002bf3869bab049b5be32d04507214) Importer(815301076,1909f56bfc062723c751e8b465ee728b)
Start importing Assets/QuarterView 3D Action BE5/Sprites/Icon Score Mini.png using Guid(f7002bf3869bab049b5be32d04507214) Importer(815301076,1909f56bfc062723c751e8b465ee728b)  -> (artifact id: 'a37a4bf345c11748fd2ed14dfeefb602') in 0.039702 seconds 
  Import took 0.044195 seconds .

========================================================================
Received Import Request.
  Time since last request: 0.000298 seconds.
  path: Assets/QuarterView 3D Action BE5/Textures/Wapon Hammer.png
  artifactKey: Guid(051f2ad9bc946e04fa39d743ab1b38e8) Importer(815301076,1909f56bfc062723c751e8b465ee728b)
Start importing Assets/QuarterView 3D Action BE5/Textures/Wapon Hammer.png using Guid(051f2ad9bc946e04fa39d743ab1b38e8) Importer(815301076,1909f56bfc062723c751e8b465ee728b)  -> (artifact id: '3fe1c7e3875142e955f7443bc2f92932') in 0.023571 seconds 
  Import took 0.028387 seconds .

========================================================================
Received Import Request.
  Time since last request: 0.000453 seconds.
  path: Assets/QuarterView 3D Action BE5/Textures/Ludo.png
  artifactKey: Guid(6b7da79ebbb98c44fbcaeca8e457a966) Importer(815301076,1909f56bfc062723c751e8b465ee728b)
Start importing Assets/QuarterView 3D Action BE5/Textures/Ludo.png using Guid(6b7da79ebbb98c44fbcaeca8e457a966) Importer(815301076,1909f56bfc062723c751e8b465ee728b)  -> (artifact id: '46d847909303e6bc0d1096ed73553f13') in 0.020872 seconds 
  Import took 0.026623 seconds .

========================================================================
Received Import Request.
  Time since last request: 0.000406 seconds.
  path: Assets/QuarterView 3D Action BE5/Sprites/Icon Luna.png
  artifactKey: Guid(9d986f49ce6cd534192f14632e916df7) Importer(815301076,1909f56bfc062723c751e8b465ee728b)
Start importing Assets/QuarterView 3D Action BE5/Sprites/Icon Luna.png using Guid(9d986f49ce6cd534192f14632e916df7) Importer(815301076,1909f56bfc062723c751e8b465ee728b)  -> (artifact id: '6b4b20994290a0666aced70c432bda43') in 0.040098 seconds 
  Import took 0.044250 seconds .

========================================================================
Received Import Request.
  Time since last request: 0.000376 seconds.
  path: Assets/QuarterView 3D Action BE5/Sprites/Icon Time Mini.png
  artifactKey: Guid(e95dee2852d9b334b89f8fe9bd113319) Importer(815301076,1909f56bfc062723c751e8b465ee728b)
Start importing Assets/QuarterView 3D Action BE5/Sprites/Icon Time Mini.png using Guid(e95dee2852d9b334b89f8fe9bd113319) Importer(815301076,1909f56bfc062723c751e8b465ee728b)  -> (artifact id: 'd595772a9a7220451437ab129ca46589') in 0.045784 seconds 
  Import took 0.050055 seconds .

========================================================================
Received Import Request.
  Time since last request: 0.000289 seconds.
  path: Assets/QuarterView 3D Action BE5/Textures/Player.png
  artifactKey: Guid(944377592ab6e2a41ace5352861ff84c) Importer(815301076,1909f56bfc062723c751e8b465ee728b)
Start importing Assets/QuarterView 3D Action BE5/Textures/Player.png using Guid(944377592ab6e2a41ace5352861ff84c) Importer(815301076,1909f56bfc062723c751e8b465ee728b)  -> (artifact id: 'fd984e120f77056aa0cd0c1ed6e44bd9') in 0.018078 seconds 
  Import took 0.022575 seconds .

========================================================================
Received Import Request.
  Time since last request: 0.000502 seconds.
  path: Assets/QuarterView 3D Action BE5/Sprites/Icon Weapon SubMachineGun.png
  artifactKey: Guid(744566287c3cef64f9b897280e5d9b1a) Importer(815301076,1909f56bfc062723c751e8b465ee728b)
Start importing Assets/QuarterView 3D Action BE5/Sprites/Icon Weapon SubMachineGun.png using Guid(744566287c3cef64f9b897280e5d9b1a) Importer(815301076,1909f56bfc062723c751e8b465ee728b)  -> (artifact id: 'dd817a8a85c0cc3fc985b9318451f3e5') in 0.041666 seconds 
  Import took 0.045894 seconds .

========================================================================
Received Import Request.
  Time since last request: 0.000284 seconds.
  path: Assets/QuarterView 3D Action BE5/Sprites/Icon HP.png
  artifactKey: Guid(2625d5dadaba91045b5a47296428423e) Importer(815301076,1909f56bfc062723c751e8b465ee728b)
Start importing Assets/QuarterView 3D Action BE5/Sprites/Icon HP.png using Guid(2625d5dadaba91045b5a47296428423e) Importer(815301076,1909f56bfc062723c751e8b465ee728b)  -> (artifact id: 'd8e4eaf88d5fbaef548fa61f962d945e') in 0.035906 seconds 
  Import took 0.040618 seconds .

========================================================================
Received Import Request.
  Time since last request: 0.000505 seconds.
  path: Assets/QuarterView 3D Action BE5/Sprites/Icon NumL.png
  artifactKey: Guid(9645d9c85921f964db0eabb1de4d11af) Importer(815301076,1909f56bfc062723c751e8b465ee728b)
Start importing Assets/QuarterView 3D Action BE5/Sprites/Icon NumL.png using Guid(9645d9c85921f964db0eabb1de4d11af) Importer(815301076,1909f56bfc062723c751e8b465ee728b)  -> (artifact id: '5a29f7a89be5f1352da9a928c891f1ed') in 0.045783 seconds 
  Import took 0.049670 seconds .

========================================================================
Received Import Request.
  Time since last request: 0.000246 seconds.
  path: Assets/QuarterView 3D Action BE5/Sprites/Icon Enemy D.png
  artifactKey: Guid(7cfa1b153c7879f47a1220f94b9258ca) Importer(815301076,1909f56bfc062723c751e8b465ee728b)
Start importing Assets/QuarterView 3D Action BE5/Sprites/Icon Enemy D.png using Guid(7cfa1b153c7879f47a1220f94b9258ca) Importer(815301076,1909f56bfc062723c751e8b465ee728b)  -> (artifact id: '9bec556301dafe9af2d858ca00d98395') in 0.045630 seconds 
  Import took 0.049112 seconds .

========================================================================
Received Import Request.
  Time since last request: 0.000463 seconds.
  path: Assets/QuarterView 3D Action BE5/Textures/Item Ammo.png
  artifactKey: Guid(dc283ec4cd5b5844e8ed606f84a004dc) Importer(815301076,1909f56bfc062723c751e8b465ee728b)
Start importing Assets/QuarterView 3D Action BE5/Textures/Item Ammo.png using Guid(dc283ec4cd5b5844e8ed606f84a004dc) Importer(815301076,1909f56bfc062723c751e8b465ee728b)  -> (artifact id: '1e40a8b341545db5dda9ad6fff84c057') in 0.018466 seconds 
  Import took 0.022725 seconds .

========================================================================
Received Import Request.
  Time since last request: 0.000247 seconds.
  path: Assets/QuarterView 3D Action BE5/Sprites/Icon Heart.png
  artifactKey: Guid(3cadcd247345c2649b0e8fbd9ee6e8db) Importer(815301076,1909f56bfc062723c751e8b465ee728b)
Start importing Assets/QuarterView 3D Action BE5/Sprites/Icon Heart.png using Guid(3cadcd247345c2649b0e8fbd9ee6e8db) Importer(815301076,1909f56bfc062723c751e8b465ee728b)  -> (artifact id: '546edef43db28cf831e4d627ac305aeb') in 0.050623 seconds 
  Import took 0.054682 seconds .

========================================================================
Received Import Request.
  Time since last request: 0.000219 seconds.
  path: Assets/QuarterView 3D Action BE5/Sprites/Title.png
  artifactKey: Guid(30d34a086fddb334cabc51ff314daf9a) Importer(815301076,1909f56bfc062723c751e8b465ee728b)
Start importing Assets/QuarterView 3D Action BE5/Sprites/Title.png using Guid(30d34a086fddb334cabc51ff314daf9a) Importer(815301076,1909f56bfc062723c751e8b465ee728b)  -> (artifact id: 'ebf35dc3b670690dd2bf7fda24c24001') in 0.041563 seconds 
  Import took 0.046046 seconds .

========================================================================
Received Import Request.
  Time since last request: 0.000386 seconds.
  path: Assets/QuarterView 3D Action BE5/Textures/Weapon Grenade.png
  artifactKey: Guid(9229914d85dff4c4b96b64c77d326c00) Importer(815301076,1909f56bfc062723c751e8b465ee728b)
Start importing Assets/QuarterView 3D Action BE5/Textures/Weapon Grenade.png using Guid(9229914d85dff4c4b96b64c77d326c00) Importer(815301076,1909f56bfc062723c751e8b465ee728b)  -> (artifact id: '59f9fb59345d92049dc07b5e0c614e16') in 0.024085 seconds 
  Import took 0.028746 seconds .

========================================================================
Received Import Request.
  Time since last request: 0.000617 seconds.
  path: Assets/QuarterView 3D Action BE5/Sprites/Icon Num3.png
  artifactKey: Guid(0d2f25e7fd882224c8d93d8f0580c63f) Importer(815301076,1909f56bfc062723c751e8b465ee728b)
Start importing Assets/QuarterView 3D Action BE5/Sprites/Icon Num3.png using Guid(0d2f25e7fd882224c8d93d8f0580c63f) Importer(815301076,1909f56bfc062723c751e8b465ee728b)  -> (artifact id: 'bf243aa3496e1233817d40d82bfa8b8d') in 0.041344 seconds 
  Import took 0.046372 seconds .

========================================================================
Received Import Request.
  Time since last request: 0.000344 seconds.
  path: Assets/Scenes/SampleScene/ReflectionProbe-0.exr
  artifactKey: Guid(68fffda640b5b5f4f83665bac543f2c1) Importer(815301076,1909f56bfc062723c751e8b465ee728b)
Start importing Assets/Scenes/SampleScene/ReflectionProbe-0.exr using Guid(68fffda640b5b5f4f83665bac543f2c1) Importer(815301076,1909f56bfc062723c751e8b465ee728b)  -> (artifact id: '1ee5d1fe8b63d82b15c810bd0de9cb71') in 0.030847 seconds 
  Import took 0.034677 seconds .

========================================================================
Received Import Request.
  Time since last request: 19.296934 seconds.
  path: Assets/Materials/Floor.mat
  artifactKey: Guid(0531bb98c21d3f24ca7cae3353ca1c6b) Importer(815301076,1909f56bfc062723c751e8b465ee728b)
Start importing Assets/Materials/Floor.mat using Guid(0531bb98c21d3f24ca7cae3353ca1c6b) Importer(815301076,1909f56bfc062723c751e8b465ee728b)  -> (artifact id: 'ea298515954a941c7d0e9b750f1fbae7') in 0.069000 seconds 
  Import took 0.074065 seconds .

========================================================================
Received Import Request.
  Time since last request: 317.309541 seconds.
  path: Assets/Materials/Floor.mat
  artifactKey: Guid(0531bb98c21d3f24ca7cae3353ca1c6b) Importer(815301076,1909f56bfc062723c751e8b465ee728b)
Start importing Assets/Materials/Floor.mat using Guid(0531bb98c21d3f24ca7cae3353ca1c6b) Importer(815301076,1909f56bfc062723c751e8b465ee728b)  -> (artifact id: '43b4602eb74e9982e712e83a3c92f95e') in 0.030903 seconds 
  Import took 0.036322 seconds .

